2025-09-05 19:28:06,597 INFO o.a.j.u.JMeterUtils: Setting Locale to en_EN
2025-09-05 19:28:06,628 INFO o.a.j.JMeter: Loading user properties from: D:\apache-jmeter-5.6.3\apache-jmeter-5.6.3\bin\user.properties
2025-09-05 19:28:06,628 INFO o.a.j.JMeter: Loading system properties from: D:\apache-jmeter-5.6.3\apache-jmeter-5.6.3\bin\system.properties
2025-09-05 19:28:06,643 INFO o.a.j.JMeter: Copyright (c) 1998-2024 The Apache Software Foundation
2025-09-05 19:28:06,643 INFO o.a.j.JMeter: Version 5.6.3
2025-09-05 19:28:06,643 INFO o.a.j.JMeter: java.version=21.0.8
2025-09-05 19:28:06,643 INFO o.a.j.JMeter: java.vm.name=Java HotSpot(TM) 64-Bit Server VM
2025-09-05 19:28:06,643 INFO o.a.j.JMeter: os.name=Windows 10
2025-09-05 19:28:06,643 INFO o.a.j.JMeter: os.arch=amd64
2025-09-05 19:28:06,643 INFO o.a.j.JMeter: os.version=10.0
2025-09-05 19:28:06,643 INFO o.a.j.JMeter: file.encoding=UTF-8
2025-09-05 19:28:06,643 INFO o.a.j.JMeter: java.awt.headless=true
2025-09-05 19:28:06,643 INFO o.a.j.JMeter: Max memory     =1073741824
2025-09-05 19:28:06,643 INFO o.a.j.JMeter: Available Processors =4
2025-09-05 19:28:06,659 INFO o.a.j.JMeter: Default Locale=English (EN)
2025-09-05 19:28:06,659 INFO o.a.j.JMeter: JMeter  Locale=English (EN)
2025-09-05 19:28:06,659 INFO o.a.j.JMeter: JMeterHome=D:\apache-jmeter-5.6.3\apache-jmeter-5.6.3
2025-09-05 19:28:06,659 INFO o.a.j.JMeter: user.dir  =D:\apache-jmeter-5.6.3\apache-jmeter-5.6.3\bin\JMeter Assignment\JMeter_Chaining
2025-09-05 19:28:06,659 INFO o.a.j.JMeter: PWD       =D:\apache-jmeter-5.6.3\apache-jmeter-5.6.3\bin\JMeter Assignment\JMeter_Chaining
2025-09-05 19:28:06,659 INFO o.a.j.JMeter: IP: 192.168.0.106 Name: DESKTOP-BEV0N1L FullName: DESKTOP-BEV0N1L
2025-09-05 19:28:06,690 INFO o.a.j.JMeter: Setting property 'jmeter.reportgenerator.outputdir' to:'D:\apache-jmeter-5.6.3\apache-jmeter-5.6.3\bin\JMeter Assignment\JMeter_Chaining\Reports'
2025-09-05 19:28:06,690 INFO o.a.j.s.FileServer: Default base='D:\apache-jmeter-5.6.3\apache-jmeter-5.6.3\bin\JMeter Assignment\JMeter_Chaining'
2025-09-05 19:28:06,690 INFO o.a.j.s.FileServer: Set new base='D:\apache-jmeter-5.6.3\apache-jmeter-5.6.3\bin\JMeter Assignment\JMeter_Chaining\.'
2025-09-05 19:28:07,050 INFO o.a.j.s.SaveService: Testplan (JMX) version: 2.2. Testlog (JTL) version: 2.2
2025-09-05 19:28:07,128 INFO o.a.j.s.SaveService: Using SaveService properties version 5.0
2025-09-05 19:28:07,128 INFO o.a.j.s.SaveService: Using SaveService properties file encoding UTF-8
2025-09-05 19:28:07,128 INFO o.a.j.s.SaveService: Loading file: .\dmoney.jmx
2025-09-05 19:28:07,315 INFO o.a.j.p.h.s.HTTPSamplerBase: Parser for text/html is org.apache.jmeter.protocol.http.parser.LagartoBasedHtmlParser
2025-09-05 19:28:07,315 INFO o.a.j.p.h.s.HTTPSamplerBase: Parser for application/xhtml+xml is org.apache.jmeter.protocol.http.parser.LagartoBasedHtmlParser
2025-09-05 19:28:07,315 INFO o.a.j.p.h.s.HTTPSamplerBase: Parser for application/xml is org.apache.jmeter.protocol.http.parser.LagartoBasedHtmlParser
2025-09-05 19:28:07,315 INFO o.a.j.p.h.s.HTTPSamplerBase: Parser for text/xml is org.apache.jmeter.protocol.http.parser.LagartoBasedHtmlParser
2025-09-05 19:28:07,315 INFO o.a.j.p.h.s.HTTPSamplerBase: Parser for text/vnd.wap.wml is org.apache.jmeter.protocol.http.parser.RegexpHTMLParser
2025-09-05 19:28:07,315 INFO o.a.j.p.h.s.HTTPSamplerBase: Parser for text/css is org.apache.jmeter.protocol.http.parser.CssParser
2025-09-05 19:28:07,425 INFO o.a.j.JMeter: Creating summariser <summary>
2025-09-05 19:28:07,425 INFO o.a.j.r.d.ReportGenerator: ReportGenerator will use for Parsing the separator: ','
2025-09-05 19:28:07,425 INFO o.a.j.r.d.ReportGenerator: Will generate report at end of test from  results file: .\dmoney.jtl
2025-09-05 19:28:07,425 INFO o.a.j.r.d.ReportGenerator: Reading report generator properties from: D:\apache-jmeter-5.6.3\apache-jmeter-5.6.3\bin\reportgenerator.properties
2025-09-05 19:28:07,425 INFO o.a.j.r.d.ReportGenerator: Merging with JMeter properties
2025-09-05 19:28:07,440 INFO o.a.j.r.c.ReportGeneratorConfiguration: Property 'jmeter.reportgenerator.temp_dir' not found, using default value 'temp' instead.
2025-09-05 19:28:07,440 INFO o.a.j.r.c.ReportGeneratorConfiguration: Property 'jmeter.reportgenerator.apdex_per_transaction' not found, using default value 'null' instead.
2025-09-05 19:28:07,440 INFO o.a.j.r.c.ReportGeneratorConfiguration: apdex_per_transaction is empty, not APDEX per transaction customization
2025-09-05 19:28:07,440 INFO o.a.j.r.c.ReportGeneratorConfiguration: Property 'jmeter.reportgenerator.sample_filter' not found, using default value 'null' instead.
2025-09-05 19:28:07,440 INFO o.a.j.r.c.ReportGeneratorConfiguration: Property 'jmeter.reportgenerator.report_title' not found, using default value 'null' instead.
2025-09-05 19:28:07,440 INFO o.a.j.r.c.ReportGeneratorConfiguration: Property 'jmeter.reportgenerator.start_date' not found, using default value 'null' instead.
2025-09-05 19:28:07,440 INFO o.a.j.r.c.ReportGeneratorConfiguration: Property 'jmeter.reportgenerator.end_date' not found, using default value 'null' instead.
2025-09-05 19:28:07,440 INFO o.a.j.r.c.ReportGeneratorConfiguration: Property 'jmeter.reportgenerator.date_format' not found, using default value 'null' instead.
2025-09-05 19:28:07,440 INFO o.a.j.r.c.ReportGeneratorConfiguration: Will use date range start date: null, end date: null
2025-09-05 19:28:07,456 INFO o.a.j.r.c.ReportGeneratorConfiguration: Property 'jmeter.reportgenerator.graph.totalTPS.exclude_controllers' not found, using default value 'false' instead.
2025-09-05 19:28:07,456 INFO o.a.j.r.c.ReportGeneratorConfiguration: Property 'jmeter.reportgenerator.graph.activeThreadsOverTime.exclude_controllers' not found, using default value 'false' instead.
2025-09-05 19:28:07,456 INFO o.a.j.r.c.ReportGeneratorConfiguration: Property 'jmeter.reportgenerator.graph.timeVsThreads.exclude_controllers' not found, using default value 'false' instead.
2025-09-05 19:28:07,456 INFO o.a.j.r.c.ReportGeneratorConfiguration: Property 'jmeter.reportgenerator.graph.responseTimeDistribution.exclude_controllers' not found, using default value 'false' instead.
2025-09-05 19:28:07,456 INFO o.a.j.r.c.ReportGeneratorConfiguration: Property 'jmeter.reportgenerator.graph.transactionsPerSecond.exclude_controllers' not found, using default value 'false' instead.
2025-09-05 19:28:07,456 INFO o.a.j.r.c.ReportGeneratorConfiguration: Property 'jmeter.reportgenerator.graph.responseTimePercentiles.exclude_controllers' not found, using default value 'false' instead.
2025-09-05 19:28:07,456 INFO o.a.j.r.c.ReportGeneratorConfiguration: Property 'jmeter.reportgenerator.graph.responseTimePercentilesOverTime.exclude_controllers' not found, using default value 'false' instead.
2025-09-05 19:28:07,456 INFO o.a.j.r.c.ReportGeneratorConfiguration: Property 'jmeter.reportgenerator.graph.responseTimesOverTime.exclude_controllers' not found, using default value 'false' instead.
2025-09-05 19:28:07,456 INFO o.a.j.r.c.ReportGeneratorConfiguration: Property 'jmeter.reportgenerator.graph.connectTimeOverTime.exclude_controllers' not found, using default value 'false' instead.
2025-09-05 19:28:07,456 INFO o.a.j.r.c.ReportGeneratorConfiguration: Property 'jmeter.reportgenerator.graph.latenciesOverTime.exclude_controllers' not found, using default value 'false' instead.
2025-09-05 19:28:07,456 INFO o.a.j.r.c.ReportGeneratorConfiguration: Property 'jmeter.reportgenerator.exporter.json.filters_only_sample_series' not found, using default value 'true' instead.
2025-09-05 19:28:07,456 INFO o.a.j.r.c.ReportGeneratorConfiguration: Property 'jmeter.reportgenerator.exporter.json.series_filter' not found, using default value '' instead.
2025-09-05 19:28:07,456 INFO o.a.j.r.c.ReportGeneratorConfiguration: Property 'jmeter.reportgenerator.exporter.json.show_controllers_only' not found, using default value 'false' instead.
2025-09-05 19:28:07,456 INFO o.a.j.r.c.ReportGeneratorConfiguration: Property 'jmeter.reportgenerator.exporter.html.filters_only_sample_series' not found, using default value 'true' instead.
2025-09-05 19:28:07,456 INFO o.a.j.r.c.ReportGeneratorConfiguration: Property 'jmeter.reportgenerator.exporter.html.series_filter' not found, using default value '' instead.
2025-09-05 19:28:07,456 INFO o.a.j.r.c.ReportGeneratorConfiguration: Property 'jmeter.reportgenerator.exporter.html.show_controllers_only' not found, using default value 'false' instead.
2025-09-05 19:28:07,472 INFO o.a.j.e.StandardJMeterEngine: Running the test!
2025-09-05 19:28:07,472 INFO o.a.j.s.SampleEvent: List of sample_variables: []
2025-09-05 19:28:07,472 INFO o.a.j.s.SampleEvent: List of sample_variables: []
2025-09-05 19:28:07,487 INFO o.a.j.e.u.CompoundVariable: Note: Function class names must contain the string: '.functions.'
2025-09-05 19:28:07,487 INFO o.a.j.e.u.CompoundVariable: Note: Function class names must not contain the string: '.gui.'
2025-09-05 19:28:07,612 INFO o.a.j.JMeter: Running test (1757078887612)
2025-09-05 19:28:07,643 INFO o.a.j.e.StandardJMeterEngine: Starting ThreadGroup: 1 : Deposit Money
2025-09-05 19:28:07,643 INFO o.a.j.e.StandardJMeterEngine: Starting 1 threads for group Deposit Money.
2025-09-05 19:28:07,643 INFO o.a.j.e.StandardJMeterEngine: Thread will continue on error
2025-09-05 19:28:07,643 INFO o.a.j.t.ThreadGroup: Starting thread group... number=1 threads=1 ramp-up=120 delayedStart=false
2025-09-05 19:28:07,659 INFO o.a.j.t.ThreadGroup: Started thread group number 1
2025-09-05 19:28:07,659 INFO o.a.j.e.StandardJMeterEngine: Starting ThreadGroup: 2 : Send Money
2025-09-05 19:28:07,659 INFO o.a.j.e.StandardJMeterEngine: Starting 1 threads for group Send Money.
2025-09-05 19:28:07,659 INFO o.a.j.e.StandardJMeterEngine: Thread will continue on error
2025-09-05 19:28:07,659 INFO o.a.j.t.ThreadGroup: Starting thread group... number=2 threads=1 ramp-up=120 delayedStart=false
2025-09-05 19:28:07,659 INFO o.a.j.t.ThreadGroup: Started thread group number 2
2025-09-05 19:28:07,659 INFO o.a.j.e.StandardJMeterEngine: Starting ThreadGroup: 3 : Payment
2025-09-05 19:28:07,666 INFO o.a.j.e.StandardJMeterEngine: Starting 1 threads for group Payment.
2025-09-05 19:28:07,666 INFO o.a.j.e.StandardJMeterEngine: Thread will continue on error
2025-09-05 19:28:07,666 INFO o.a.j.t.ThreadGroup: Starting thread group... number=3 threads=1 ramp-up=120 delayedStart=false
2025-09-05 19:28:07,667 INFO o.a.j.t.ThreadGroup: Started thread group number 3
2025-09-05 19:28:07,667 INFO o.a.j.e.StandardJMeterEngine: All thread groups have been started
2025-09-05 19:28:07,745 INFO o.a.j.t.JMeterThread: Thread started: Payment 3-1
2025-09-05 19:28:07,747 INFO o.a.j.t.JMeterThread: Thread started: Deposit Money 1-1
2025-09-05 19:28:07,744 INFO o.a.j.t.JMeterThread: Thread started: Send Money 2-1
2025-09-05 19:28:07,773 INFO o.a.j.p.h.s.HTTPHCAbstractImpl: Local host = DESKTOP-BEV0N1L
2025-09-05 19:28:07,788 INFO o.a.j.p.h.s.HTTPHC4Impl: HTTP request retry count = 0
2025-09-05 19:28:07,792 INFO o.a.j.s.SampleResult: Note: Sample TimeStamps are START times
2025-09-05 19:28:07,792 INFO o.a.j.s.SampleResult: sampleresult.default.encoding is set to UTF-8
2025-09-05 19:28:07,792 INFO o.a.j.s.SampleResult: sampleresult.useNanoTime=true
2025-09-05 19:28:07,792 INFO o.a.j.s.SampleResult: sampleresult.nanoThreadSleep=5000
2025-09-05 19:28:07,947 INFO o.a.j.p.h.s.h.LazyLayeredConnectionSocketFactory: Setting up HTTPS TrustAll Socket Factory
2025-09-05 19:28:07,947 INFO o.a.j.u.JsseSSLManager: Using default SSL protocol: TLS
2025-09-05 19:28:07,947 INFO o.a.j.u.JsseSSLManager: SSL session context: per-thread
2025-09-05 19:28:08,144 INFO o.a.j.u.SSLManager: JmeterKeyStore Location:  type JKS
2025-09-05 19:28:08,149 INFO o.a.j.u.SSLManager: KeyStore created OK
2025-09-05 19:28:08,149 WARN o.a.j.u.SSLManager: Keystore file not found, loading empty keystore
2025-09-05 19:28:08,824 INFO o.a.j.s.FileServer: Stored: D:/apache-jmeter-5.6.3/apache-jmeter-5.6.3/bin/JMeter Assignment/JMeter_Chaining/csv files/Deposit_.csv
2025-09-05 19:28:08,841 INFO o.a.j.s.FileServer: Stored: D:/apache-jmeter-5.6.3/apache-jmeter-5.6.3/bin/JMeter Assignment/JMeter_Chaining/csv files/Payment.csv
2025-09-05 19:28:08,985 INFO o.a.j.s.FileServer: Stored: D:/apache-jmeter-5.6.3/apache-jmeter-5.6.3/bin/JMeter Assignment/JMeter_Chaining/csv files/Send Money.csv
2025-09-05 19:28:09,766 INFO o.a.j.t.JMeterThread: Thread is done: Payment 3-1
2025-09-05 19:28:09,766 INFO o.a.j.t.JMeterThread: Thread finished: Payment 3-1
2025-09-05 19:28:10,656 INFO o.a.j.t.JMeterThread: Thread is done: Send Money 2-1
2025-09-05 19:28:10,656 INFO o.a.j.t.JMeterThread: Thread finished: Send Money 2-1
2025-09-05 19:28:11,234 INFO o.a.j.t.JMeterThread: Thread is done: Deposit Money 1-1
2025-09-05 19:28:11,234 INFO o.a.j.t.JMeterThread: Thread finished: Deposit Money 1-1
2025-09-05 19:28:11,234 INFO o.a.j.e.StandardJMeterEngine: Notifying test listeners of end of test
2025-09-05 19:28:11,234 INFO o.a.j.s.FileServer: Close: D:/apache-jmeter-5.6.3/apache-jmeter-5.6.3/bin/JMeter Assignment/JMeter_Chaining/csv files/Deposit_.csv
2025-09-05 19:28:11,234 INFO o.a.j.s.FileServer: Close: D:/apache-jmeter-5.6.3/apache-jmeter-5.6.3/bin/JMeter Assignment/JMeter_Chaining/csv files/Payment.csv
2025-09-05 19:28:11,234 INFO o.a.j.s.FileServer: Close: D:/apache-jmeter-5.6.3/apache-jmeter-5.6.3/bin/JMeter Assignment/JMeter_Chaining/csv files/Send Money.csv
2025-09-05 19:28:11,250 INFO o.a.j.r.Summariser: summary =     28 in 00:00:04 =    7.7/s Avg:   274 Min:   142 Max:  1079 Err:     0 (0.00%)
2025-09-05 19:28:11,250 INFO o.a.j.JMeter: Generating Dashboard
2025-09-05 19:28:11,250 INFO o.a.j.r.d.ReportGenerator: Flushing result collector before report Generation
2025-09-05 19:28:11,266 INFO o.a.j.r.p.NormalizerSampleConsumer: Using format, 'ms', to parse timeStamp field
2025-09-05 19:28:11,375 INFO o.a.j.r.p.AbstractSampleConsumer: class org.apache.jmeter.report.processor.AggregateConsumer#stopProducing(): beginDate produced 0 samples
2025-09-05 19:28:11,375 INFO o.a.j.r.p.AbstractSampleConsumer: class org.apache.jmeter.report.processor.AggregateConsumer#stopProducing(): endDate produced 0 samples
2025-09-05 19:28:11,375 INFO o.a.j.r.p.AbstractSampleConsumer: class org.apache.jmeter.report.processor.ApdexSummaryConsumer#stopProducing(): apdexSummary produced 0 samples
2025-09-05 19:28:11,375 INFO o.a.j.r.p.AbstractSampleConsumer: class org.apache.jmeter.report.processor.RequestsSummaryConsumer#stopProducing(): requestsSummary produced 0 samples
2025-09-05 19:28:11,391 INFO o.a.j.r.p.AbstractSampleConsumer: class org.apache.jmeter.report.processor.StatisticsSummaryConsumer#stopProducing(): statisticsSummary produced 0 samples
2025-09-05 19:28:11,391 INFO o.a.j.r.p.AbstractSampleConsumer: class org.apache.jmeter.report.processor.Top5ErrorsBySamplerConsumer#stopProducing(): top5ErrorsBySampler produced 0 samples
2025-09-05 19:28:11,391 INFO o.a.j.r.p.AbstractSampleConsumer: class org.apache.jmeter.report.processor.ErrorsSummaryConsumer#stopProducing(): errorsSummary produced 0 samples
2025-09-05 19:28:11,391 INFO o.a.j.r.p.AbstractSampleConsumer: class org.apache.jmeter.report.processor.graph.impl.HitsPerSecondGraphConsumer#stopProducing(): hitsPerSecond produced 0 samples
2025-09-05 19:28:11,406 INFO o.a.j.r.p.AbstractSampleConsumer: class org.apache.jmeter.report.processor.graph.impl.LatencyVSRequestGraphConsumer#stopProducing(): latencyVsRequest produced 0 samples
2025-09-05 19:28:11,406 INFO o.a.j.r.p.AbstractSampleConsumer: class org.apache.jmeter.report.processor.graph.impl.SyntheticResponseTimeDistributionGraphConsumer#stopProducing(): syntheticResponseTimeDistribution produced 0 samples
2025-09-05 19:28:11,406 INFO o.a.j.r.p.AbstractSampleConsumer: class org.apache.jmeter.report.processor.graph.impl.BytesThroughputGraphConsumer#stopProducing(): bytesThroughputOverTime produced 0 samples
2025-09-05 19:28:11,406 INFO o.a.j.r.p.AbstractSampleConsumer: class org.apache.jmeter.report.processor.graph.impl.CodesPerSecondGraphConsumer#stopProducing(): codesPerSecond produced 0 samples
2025-09-05 19:28:11,406 INFO o.a.j.r.p.AbstractSampleConsumer: class org.apache.jmeter.report.processor.graph.impl.ResponseTimeVSRequestGraphConsumer#stopProducing(): responseTimeVsRequest produced 0 samples
2025-09-05 19:28:11,406 INFO o.a.j.r.p.AbstractSampleConsumer: class org.apache.jmeter.report.processor.FilterConsumer#stopProducing(): startIntervalControlerFilter produced 196 samples
2025-09-05 19:28:11,406 INFO o.a.j.r.p.AbstractSampleConsumer: class org.apache.jmeter.report.processor.graph.impl.TotalTPSGraphConsumer#stopProducing(): totalTPS produced 0 samples
2025-09-05 19:28:11,406 INFO o.a.j.r.p.AbstractSampleConsumer: class org.apache.jmeter.report.processor.graph.impl.ActiveThreadsGraphConsumer#stopProducing(): activeThreadsOverTime produced 0 samples
2025-09-05 19:28:11,406 INFO o.a.j.r.p.AbstractSampleConsumer: class org.apache.jmeter.report.processor.graph.impl.TimeVSThreadGraphConsumer#stopProducing(): timeVsThreads produced 0 samples
2025-09-05 19:28:11,422 INFO o.a.j.r.p.AbstractSampleConsumer: class org.apache.jmeter.report.processor.graph.impl.ResponseTimeDistributionGraphConsumer#stopProducing(): responseTimeDistribution produced 0 samples
2025-09-05 19:28:11,422 INFO o.a.j.r.p.AbstractSampleConsumer: class org.apache.jmeter.report.processor.graph.impl.TransactionsPerSecondGraphConsumer#stopProducing(): transactionsPerSecond produced 0 samples
2025-09-05 19:28:11,422 INFO o.a.j.r.p.AbstractSampleConsumer: class org.apache.jmeter.report.processor.graph.impl.ResponseTimePercentilesGraphConsumer#stopProducing(): responseTimePercentiles produced 0 samples
2025-09-05 19:28:11,422 INFO o.a.j.r.p.AbstractSampleConsumer: class org.apache.jmeter.report.processor.graph.impl.ResponseTimePercentilesOverTimeGraphConsumer#stopProducing(): responseTimePercentilesOverTime produced 0 samples
2025-09-05 19:28:11,422 INFO o.a.j.r.p.AbstractSampleConsumer: class org.apache.jmeter.report.processor.graph.impl.ResponseTimeOverTimeGraphConsumer#stopProducing(): responseTimesOverTime produced 0 samples
2025-09-05 19:28:11,422 INFO o.a.j.r.p.AbstractSampleConsumer: class org.apache.jmeter.report.processor.graph.impl.ConnectTimeOverTimeGraphConsumer#stopProducing(): connectTimeOverTime produced 0 samples
2025-09-05 19:28:11,422 INFO o.a.j.r.p.AbstractSampleConsumer: class org.apache.jmeter.report.processor.graph.impl.LatencyOverTimeGraphConsumer#stopProducing(): latenciesOverTime produced 0 samples
2025-09-05 19:28:11,422 INFO o.a.j.r.p.AbstractSampleConsumer: class org.apache.jmeter.report.processor.FilterConsumer#stopProducing(): nameFilter produced 420 samples
2025-09-05 19:28:11,422 INFO o.a.j.r.p.AbstractSampleConsumer: class org.apache.jmeter.report.processor.FilterConsumer#stopProducing(): dateRangeFilter produced 84 samples
2025-09-05 19:28:11,422 INFO o.a.j.r.p.AbstractSampleConsumer: class org.apache.jmeter.report.processor.NormalizerSampleConsumer#stopProducing(): normalizer produced 28 samples
2025-09-05 19:28:11,422 INFO o.a.j.r.p.CsvFileSampleSource: produce(): 28 samples produced in 109ms on channel 0
2025-09-05 19:28:11,422 INFO o.a.j.r.d.ReportGenerator: Exporting data using exporter:'json' of className:'org.apache.jmeter.report.dashboard.JsonExporter'
2025-09-05 19:28:11,531 INFO o.a.j.r.d.JsonExporter: Found data for consumer statisticsSummary in context
2025-09-05 19:28:11,531 INFO o.a.j.r.d.JsonExporter: Creating statistics for overall
2025-09-05 19:28:11,531 INFO o.a.j.r.d.JsonExporter: Creating statistics for other transactions
2025-09-05 19:28:11,531 INFO o.a.j.r.d.JsonExporter: Checking output folder
2025-09-05 19:28:11,531 INFO o.a.j.r.d.JsonExporter: Writing statistics JSON to D:\apache-jmeter-5.6.3\apache-jmeter-5.6.3\bin\JMeter Assignment\JMeter_Chaining\Reports\statistics.json
2025-09-05 19:28:11,594 INFO o.a.j.r.d.ReportGenerator: Exporting data using exporter:'html' of className:'org.apache.jmeter.report.dashboard.HtmlTemplateExporter'
2025-09-05 19:28:11,609 INFO o.a.j.r.d.HtmlTemplateExporter: Will generate dashboard in folder: D:\apache-jmeter-5.6.3\apache-jmeter-5.6.3\bin\JMeter Assignment\JMeter_Chaining\Reports
2025-09-05 19:28:11,828 INFO o.a.j.r.d.HtmlTemplateExporter: Report will be generated in: D:\apache-jmeter-5.6.3\apache-jmeter-5.6.3\bin\JMeter Assignment\JMeter_Chaining\Reports, creating folder structure
2025-09-05 19:28:11,844 INFO o.a.j.r.d.TemplateVisitor: Copying folder from 'D:\apache-jmeter-5.6.3\apache-jmeter-5.6.3\bin\report-template' to 'D:\apache-jmeter-5.6.3\apache-jmeter-5.6.3\bin\JMeter Assignment\JMeter_Chaining\Reports', got message: D:\apache-jmeter-5.6.3\apache-jmeter-5.6.3\bin\JMeter Assignment\JMeter_Chaining\Reports, found non empty folder with following content [D:\apache-jmeter-5.6.3\apache-jmeter-5.6.3\bin\JMeter Assignment\JMeter_Chaining\Reports\statistics.json], will be ignored
2025-09-05 19:28:12,687 INFO o.a.j.JMeter: Dashboard generated
